Starting project us.abstracta.jmeter:jmeter-java-dsl-parent:1.3
exit_code=0
us.abstracta.jmeter:jmeter-java-dsl-parent:1.3:ok=32:ko=0
Starting project io.github.zlika:reproducible-build-maven-plugin:0.17
exit_code=0
io.github.zlika:reproducible-build-maven-plugin:0.17:ok=4:ko=0
Starting project io.smallrye:jandex-parent:3.1.0
exit_code=0
io.smallrye:jandex-parent:3.1.0:ok=9:ko=2
Starting project io.dwpbank.movewp3:microservice-security-autoconfiguration:3.0.1
exit_code=0
io.dwpbank.movewp3:microservice-security-autoconfiguration:3.0.1:ok=1:ko=2
Starting project io.micronaut.build:micronaut-maven-plugin:1.0.0
exit_code=0
io.micronaut.build:micronaut-maven-plugin:1.0.0:ok=3:ko=0
Starting project io.dropwizard:dropwizard-project:2.0.14
exit_code=1
Starting project biz.aQute.bnd:bnd-plugin-parent:7.0.0
exit_code=0
biz.aQute.bnd:bnd-plugin-parent:7.0.0:ok=28:ko=0
Starting project io.github.hboutemy:sigstore-maven-plugin:1.0.0-beta-3
exit_code=0
io.github.hboutemy:sigstore-maven-plugin:1.0.0-beta-3:ok=3:ko=0
Starting project io.takari.maven:takari-smart-builder:1.0.0
exit_code=0
io.takari.maven:takari-smart-builder:1.0.0:ok=2:ko=1
Starting project io.dropwizard.metrics:metrics-parent:4.1.33
exit_code=0
io.dropwizard.metrics:metrics-parent:4.1.33:ok=67:ko=1
Starting project io.wcm.tooling.commons:io.wcm.tooling.commons.crx-packmgr-helper:2.1.0
exit_code=0
io.wcm.tooling.commons:io.wcm.tooling.commons.crx-packmgr-helper:2.1.0:ok=3:ko=0
Starting project io.wcm.tooling.commons:io.wcm.tooling.commons.content-package-builder:1.6.0
exit_code=0
io.wcm.tooling.commons:io.wcm.tooling.commons.content-package-builder:1.6.0:ok=2:ko=1
Starting project io.dropwizard.metrics5:metrics-parent:5.0.0-rc9
exit_code=0
io.dropwizard.metrics5:metrics-parent:5.0.0-rc9:ok=93:ko=2
Starting project io.github.shanqiang-sq:jstream:2.0.4
exit_code=1
io.github.shanqiang-sq:jstream:2.0.4:ok=3:ko=0
Starting project io.wcm:io.wcm.wcm.commons:1.7.0
exit_code=0
io.wcm:io.wcm.wcm.commons:1.7.0:ok=3:ko=0
Starting project io.wcm:io.wcm.handler.media:1.9.4
exit_code=0
io.wcm:io.wcm.handler.media:1.9.4:ok=3:ko=0
Starting project io.wcm:io.wcm.handler.link:1.6.0
exit_code=0
io.wcm:io.wcm.handler.link:1.6.0:ok=2:ko=1
Starting project io.wcm:io.wcm.wcm.ui.clientlibs:1.1.0
exit_code=0
io.wcm:io.wcm.wcm.ui.clientlibs:1.1.0:ok=3:ko=0
Starting project io.wcm:io.wcm.caconfig.editor.parent:1.8.0
exit_code=0
io.wcm:io.wcm.caconfig.editor.parent:1.8.0:ok=3:ko=3
Starting project io.wcm:io.wcm.wcm.ui.granite:1.7.0
exit_code=1
Starting project io.wcm:io.wcm.parent_toplevel:1.7.0
exit_code=0
io.wcm:io.wcm.parent_toplevel:1.7.0:ok=2:ko=0
Starting project io.wcm:io.wcm.wcm.parsys:1.5.0
exit_code=0
io.wcm:io.wcm.wcm.parsys:1.5.0:ok=3:ko=0
Starting project io.wcm:io.wcm.handler.richtext:1.4.0
exit_code=0
io.wcm:io.wcm.handler.richtext:1.4.0:ok=1:ko=2
Starting project io.wcm:io.wcm.caconfig.editor.root:1.9.0
exit_code=0
io.wcm:io.wcm.caconfig.editor.root:1.9.0:ok=3:ko=5
Starting project io.github.git-commit-id:git-commit-id-maven-plugin:8.0.0
exit_code=1
Starting project io.github.derkrischan:jpdftest:0.11.0
exit_code=0
io.github.derkrischan:jpdftest:0.11.0:ok=3:ko=0
Starting project io.takari:io.takari.incrementalbuild:1.0.3
exit_code=0
io.takari:io.takari.incrementalbuild:1.0.3:ok=16:ko=1
Starting project io.takari:takari-archiver:1.0.2
exit_code=0
io.takari:takari-archiver:1.0.2:ok=3:ko=0
Starting project io.trino:trino-root:448
Starting project io.github.albertus82:unexepack:0.2.1
exit_code=0
io.github.albertus82:unexepack:0.2.1:ok=3:ko=2
Starting project io.github.albertus82:jface-utils:19.0.0
exit_code=0
io.github.albertus82:jface-utils:19.0.0:ok=3:ko=0
Starting project io.takari.maven.plugins:takari-lifecycle-plugin:2.1.5
exit_code=0
io.takari.maven.plugins:takari-lifecycle-plugin:2.1.5:ok=2:ko=2
Starting project io.takari.maven.plugins:takari-plugin-testing-project:3.0.5
exit_code=0
io.takari.maven.plugins:takari-plugin-testing-project:3.0.5:ok=5:ko=0
Starting project io.wcm.maven.plugins:nodejs-maven-plugin:3.0.2
Starting project io.wcm.maven.plugins:cq-maven-plugin:1.2.0
exit_code=0
io.wcm.maven.plugins:cq-maven-plugin:1.2.0:ok=3:ko=0
Starting project io.github.chains-project:maven-lockfile:3.4.0
exit_code=0
io.github.chains-project:maven-lockfile:3.4.0:ok=7:ko=1
Starting project io.telicent.smart-caches.graph:scg-base:0.82.3
exit_code=0
io.telicent.smart-caches.graph:scg-base:0.82.3:ok=19:ko=0
Starting project io.cucumber:messages:23.0.0
exit_code=0
io.cucumber:messages:23.0.0:ok=3:ko=0
Starting project io.cucumber:html-formatter:20.2.0
exit_code=0
io.cucumber:html-formatter:20.2.0:ok=2:ko=1
Starting project io.cucumber:junit-xml-formatter:0.2.0
exit_code=0
io.cucumber:junit-xml-formatter:0.2.0:ok=3:ko=0
Starting project io.micronaut.maven:micronaut-maven-plugin:4.0.0-M5
exit_code=0
io.micronaut.maven:micronaut-maven-plugin:4.0.0-M5:ok=13:ko=0
